<?xml version="1.0" encoding="UTF-8"?>
<testsuite xmlns:xsi="http://www.w3.org/2001/XMLSchema-instance" xsi:noNamespaceSchemaLocation="https://maven.apache.org/surefire/maven-surefire-plugin/xsd/surefire-test-report.xsd" name="br.com.dnkt.reactivespring.fluxandmonoplayground.FluxAndMonoWithTimeTest" time="6.726" tests="4" errors="0" skipped="0" failures="0">
  <properties>
    <property name="gopherProxySet" value="false"/>
    <property name="awt.toolkit" value="sun.lwawt.macosx.LWCToolkit"/>
    <property name="java.specification.version" value="11"/>
    <property name="sun.cpu.isalist" value=""/>
    <property name="sun.jnu.encoding" value="UTF-8"/>
    <property name="java.class.path" value="/Users/daniel.cavalcante/Documents/udemy/build-reactive-restful-apis-using-spring-boot-webflux/reactivespring/target/test-classes:/Users/daniel.cavalcante/Documents/udemy/build-reactive-restful-apis-using-spring-boot-webflux/reactivespring/target/classes:/Users/daniel.cavalcante/.m2/repository/org/springframework/boot/spring-boot-starter-data-mongodb-reactive/2.4.0/spring-boot-starter-data-mongodb-reactive-2.4.0.jar:/Users/daniel.cavalcante/.m2/repository/org/springframework/boot/spring-boot-starter/2.4.0/spring-boot-starter-2.4.0.jar:/Users/daniel.cavalcante/.m2/repository/org/springframework/boot/spring-boot-starter-logging/2.4.0/spring-boot-starter-logging-2.4.0.jar:/Users/daniel.cavalcante/.m2/repository/ch/qos/logback/logback-classic/1.2.3/logback-classic-1.2.3.jar:/Users/daniel.cavalcante/.m2/repository/ch/qos/logback/logback-core/1.2.3/logback-core-1.2.3.jar:/Users/daniel.cavalcante/.m2/repository/org/apache/logging/log4j/log4j-to-slf4j/2.13.3/log4j-to-slf4j-2.13.3.jar:/Users/daniel.cavalcante/.m2/repository/org/apache/logging/log4j/log4j-api/2.13.3/log4j-api-2.13.3.jar:/Users/daniel.cavalcante/.m2/repository/org/slf4j/jul-to-slf4j/1.7.30/jul-to-slf4j-1.7.30.jar:/Users/daniel.cavalcante/.m2/repository/jakarta/annotation/jakarta.annotation-api/1.3.5/jakarta.annotation-api-1.3.5.jar:/Users/daniel.cavalcante/.m2/repository/org/yaml/snakeyaml/1.27/snakeyaml-1.27.jar:/Users/daniel.cavalcante/.m2/repository/io/projectreactor/reactor-core/3.4.0/reactor-core-3.4.0.jar:/Users/daniel.cavalcante/.m2/repository/org/reactivestreams/reactive-streams/1.0.3/reactive-streams-1.0.3.jar:/Users/daniel.cavalcante/.m2/repository/org/mongodb/mongodb-driver-reactivestreams/4.1.1/mongodb-driver-reactivestreams-4.1.1.jar:/Users/daniel.cavalcante/.m2/repository/org/mongodb/bson/4.1.1/bson-4.1.1.jar:/Users/daniel.cavalcante/.m2/repository/org/mongodb/mongodb-driver-core/4.1.1/mongodb-driver-core-4.1.1.jar:/Users/daniel.cavalcante/.m2/repository/org/springframework/data/spring-data-mongodb/3.1.1/spring-data-mongodb-3.1.1.jar:/Users/daniel.cavalcante/.m2/repository/org/springframework/spring-tx/5.3.1/spring-tx-5.3.1.jar:/Users/daniel.cavalcante/.m2/repository/org/springframework/spring-context/5.3.1/spring-context-5.3.1.jar:/Users/daniel.cavalcante/.m2/repository/org/springframework/spring-aop/5.3.1/spring-aop-5.3.1.jar:/Users/daniel.cavalcante/.m2/repository/org/springframework/spring-beans/5.3.1/spring-beans-5.3.1.jar:/Users/daniel.cavalcante/.m2/repository/org/springframework/spring-expression/5.3.1/spring-expression-5.3.1.jar:/Users/daniel.cavalcante/.m2/repository/org/springframework/data/spring-data-commons/2.4.1/spring-data-commons-2.4.1.jar:/Users/daniel.cavalcante/.m2/repository/org/slf4j/slf4j-api/1.7.30/slf4j-api-1.7.30.jar:/Users/daniel.cavalcante/.m2/repository/org/springframework/boot/spring-boot-starter-webflux/2.4.0/spring-boot-starter-webflux-2.4.0.jar:/Users/daniel.cavalcante/.m2/repository/org/springframework/boot/spring-boot-starter-json/2.4.0/spring-boot-starter-json-2.4.0.jar:/Users/daniel.cavalcante/.m2/repository/com/fasterxml/jackson/core/jackson-databind/2.11.3/jackson-databind-2.11.3.jar:/Users/daniel.cavalcante/.m2/repository/com/fasterxml/jackson/core/jackson-annotations/2.11.3/jackson-annotations-2.11.3.jar:/Users/daniel.cavalcante/.m2/repository/com/fasterxml/jackson/core/jackson-core/2.11.3/jackson-core-2.11.3.jar:/Users/daniel.cavalcante/.m2/repository/com/fasterxml/jackson/datatype/jackson-datatype-jdk8/2.11.3/jackson-datatype-jdk8-2.11.3.jar:/Users/daniel.cavalcante/.m2/repository/com/fasterxml/jackson/datatype/jackson-datatype-jsr310/2.11.3/jackson-datatype-jsr310-2.11.3.jar:/Users/daniel.cavalcante/.m2/repository/com/fasterxml/jackson/module/jackson-module-parameter-names/2.11.3/jackson-module-parameter-names-2.11.3.jar:/Users/daniel.cavalcante/.m2/repository/org/springframework/boot/spring-boot-starter-reactor-netty/2.4.0/spring-boot-starter-reactor-netty-2.4.0.jar:/Users/daniel.cavalcante/.m2/repository/io/projectreactor/netty/reactor-netty-http/1.0.1/reactor-netty-http-1.0.1.jar:/Users/daniel.cavalcante/.m2/repository/io/netty/netty-codec-http/4.1.54.Final/netty-codec-http-4.1.54.Final.jar:/Users/daniel.cavalcante/.m2/repository/io/netty/netty-common/4.1.54.Final/netty-common-4.1.54.Final.jar:/Users/daniel.cavalcante/.m2/repository/io/netty/netty-buffer/4.1.54.Final/netty-buffer-4.1.54.Final.jar:/Users/daniel.cavalcante/.m2/repository/io/netty/netty-transport/4.1.54.Final/netty-transport-4.1.54.Final.jar:/Users/daniel.cavalcante/.m2/repository/io/netty/netty-codec/4.1.54.Final/netty-codec-4.1.54.Final.jar:/Users/daniel.cavalcante/.m2/repository/io/netty/netty-handler/4.1.54.Final/netty-handler-4.1.54.Final.jar:/Users/daniel.cavalcante/.m2/repository/io/netty/netty-codec-http2/4.1.54.Final/netty-codec-http2-4.1.54.Final.jar:/Users/daniel.cavalcante/.m2/repository/io/netty/netty-resolver-dns/4.1.54.Final/netty-resolver-dns-4.1.54.Final.jar:/Users/daniel.cavalcante/.m2/repository/io/netty/netty-resolver/4.1.54.Final/netty-resolver-4.1.54.Final.jar:/Users/daniel.cavalcante/.m2/repository/io/netty/netty-codec-dns/4.1.54.Final/netty-codec-dns-4.1.54.Final.jar:/Users/daniel.cavalcante/.m2/repository/io/netty/netty-transport-native-epoll/4.1.54.Final/netty-transport-native-epoll-4.1.54.Final-linux-x86_64.jar:/Users/daniel.cavalcante/.m2/repository/io/netty/netty-transport-native-unix-common/4.1.54.Final/netty-transport-native-unix-common-4.1.54.Final.jar:/Users/daniel.cavalcante/.m2/repository/io/projectreactor/netty/reactor-netty-core/1.0.1/reactor-netty-core-1.0.1.jar:/Users/daniel.cavalcante/.m2/repository/io/netty/netty-handler-proxy/4.1.54.Final/netty-handler-proxy-4.1.54.Final.jar:/Users/daniel.cavalcante/.m2/repository/io/netty/netty-codec-socks/4.1.54.Final/netty-codec-socks-4.1.54.Final.jar:/Users/daniel.cavalcante/.m2/repository/org/springframework/spring-web/5.3.1/spring-web-5.3.1.jar:/Users/daniel.cavalcante/.m2/repository/org/springframework/spring-webflux/5.3.1/spring-webflux-5.3.1.jar:/Users/daniel.cavalcante/.m2/repository/org/springframework/boot/spring-boot-devtools/2.4.0/spring-boot-devtools-2.4.0.jar:/Users/daniel.cavalcante/.m2/repository/org/springframework/boot/spring-boot/2.4.0/spring-boot-2.4.0.jar:/Users/daniel.cavalcante/.m2/repository/org/springframework/boot/spring-boot-autoconfigure/2.4.0/spring-boot-autoconfigure-2.4.0.jar:/Users/daniel.cavalcante/.m2/repository/org/projectlombok/lombok/1.18.16/lombok-1.18.16.jar:/Users/daniel.cavalcante/.m2/repository/org/springframework/boot/spring-boot-starter-test/2.4.0/spring-boot-starter-test-2.4.0.jar:/Users/daniel.cavalcante/.m2/repository/org/springframework/boot/spring-boot-test/2.4.0/spring-boot-test-2.4.0.jar:/Users/daniel.cavalcante/.m2/repository/org/springframework/boot/spring-boot-test-autoconfigure/2.4.0/spring-boot-test-autoconfigure-2.4.0.jar:/Users/daniel.cavalcante/.m2/repository/com/jayway/jsonpath/json-path/2.4.0/json-path-2.4.0.jar:/Users/daniel.cavalcante/.m2/repository/net/minidev/json-smart/2.3/json-smart-2.3.jar:/Users/daniel.cavalcante/.m2/repository/net/minidev/accessors-smart/1.2/accessors-smart-1.2.jar:/Users/daniel.cavalcante/.m2/repository/org/ow2/asm/asm/5.0.4/asm-5.0.4.jar:/Users/daniel.cavalcante/.m2/repository/jakarta/xml/bind/jakarta.xml.bind-api/2.3.3/jakarta.xml.bind-api-2.3.3.jar:/Users/daniel.cavalcante/.m2/repository/jakarta/activation/jakarta.activation-api/1.2.2/jakarta.activation-api-1.2.2.jar:/Users/daniel.cavalcante/.m2/repository/org/assertj/assertj-core/3.18.1/assertj-core-3.18.1.jar:/Users/daniel.cavalcante/.m2/repository/org/hamcrest/hamcrest/2.2/hamcrest-2.2.jar:/Users/daniel.cavalcante/.m2/repository/org/junit/jupiter/junit-jupiter/5.7.0/junit-jupiter-5.7.0.jar:/Users/daniel.cavalcante/.m2/repository/org/junit/jupiter/junit-jupiter-api/5.7.0/junit-jupiter-api-5.7.0.jar:/Users/daniel.cavalcante/.m2/repository/org/apiguardian/apiguardian-api/1.1.0/apiguardian-api-1.1.0.jar:/Users/daniel.cavalcante/.m2/repository/org/opentest4j/opentest4j/1.2.0/opentest4j-1.2.0.jar:/Users/daniel.cavalcante/.m2/repository/org/junit/platform/junit-platform-commons/1.7.0/junit-platform-commons-1.7.0.jar:/Users/daniel.cavalcante/.m2/repository/org/junit/jupiter/junit-jupiter-params/5.7.0/junit-jupiter-params-5.7.0.jar:/Users/daniel.cavalcante/.m2/repository/org/junit/jupiter/junit-jupiter-engine/5.7.0/junit-jupiter-engine-5.7.0.jar:/Users/daniel.cavalcante/.m2/repository/org/junit/platform/junit-platform-engine/1.7.0/junit-platform-engine-1.7.0.jar:/Users/daniel.cavalcante/.m2/repository/org/mockito/mockito-core/3.6.0/mockito-core-3.6.0.jar:/Users/daniel.cavalcante/.m2/repository/net/bytebuddy/byte-buddy/1.10.18/byte-buddy-1.10.18.jar:/Users/daniel.cavalcante/.m2/repository/net/bytebuddy/byte-buddy-agent/1.10.18/byte-buddy-agent-1.10.18.jar:/Users/daniel.cavalcante/.m2/repository/org/objenesis/objenesis/3.1/objenesis-3.1.jar:/Users/daniel.cavalcante/.m2/repository/org/mockito/mockito-junit-jupiter/3.6.0/mockito-junit-jupiter-3.6.0.jar:/Users/daniel.cavalcante/.m2/repository/org/skyscreamer/jsonassert/1.5.0/jsonassert-1.5.0.jar:/Users/daniel.cavalcante/.m2/repository/com/vaadin/external/google/android-json/0.0.20131108.vaadin1/android-json-0.0.20131108.vaadin1.jar:/Users/daniel.cavalcante/.m2/repository/org/springframework/spring-core/5.3.1/spring-core-5.3.1.jar:/Users/daniel.cavalcante/.m2/repository/org/springframework/spring-jcl/5.3.1/spring-jcl-5.3.1.jar:/Users/daniel.cavalcante/.m2/repository/org/springframework/spring-test/5.3.1/spring-test-5.3.1.jar:/Users/daniel.cavalcante/.m2/repository/org/xmlunit/xmlunit-core/2.7.0/xmlunit-core-2.7.0.jar:/Users/daniel.cavalcante/.m2/repository/io/projectreactor/reactor-test/3.4.0/reactor-test-3.4.0.jar:/Users/daniel.cavalcante/.m2/repository/de/flapdoodle/embed/de.flapdoodle.embed.mongo/2.1.1/de.flapdoodle.embed.mongo-2.1.1.jar:/Users/daniel.cavalcante/.m2/repository/de/flapdoodle/embed/de.flapdoodle.embed.process/2.0.5/de.flapdoodle.embed.process-2.0.5.jar:/Users/daniel.cavalcante/.m2/repository/org/apache/commons/commons-lang3/3.11/commons-lang3-3.11.jar:/Users/daniel.cavalcante/.m2/repository/net/java/dev/jna/jna/4.0.0/jna-4.0.0.jar:/Users/daniel.cavalcante/.m2/repository/net/java/dev/jna/jna-platform/4.0.0/jna-platform-4.0.0.jar:/Users/daniel.cavalcante/.m2/repository/org/apache/commons/commons-compress/1.10/commons-compress-1.10.jar:"/>
    <property name="java.vm.vendor" value="Azul Systems, Inc."/>
    <property name="sun.arch.data.model" value="64"/>
    <property name="java.vendor.url" value="http://www.azulsystems.com/"/>
    <property name="user.timezone" value=""/>
    <property name="java.vm.specification.version" value="11"/>
    <property name="os.name" value="Mac OS X"/>
    <property name="sun.java.launcher" value="SUN_STANDARD"/>
    <property name="user.country" value="NA"/>
    <property name="sun.boot.library.path" value="/Users/daniel.cavalcante/.sdkman/candidates/java/11.0.8-zulu/zulu-11.jdk/Contents/Home/lib"/>
    <property name="sun.java.command" value="/Users/daniel.cavalcante/Documents/udemy/build-reactive-restful-apis-using-spring-boot-webflux/reactivespring/target/surefire/surefirebooter7737568685107560486.jar /Users/daniel.cavalcante/Documents/udemy/build-reactive-restful-apis-using-spring-boot-webflux/reactivespring/target/surefire 2020-12-09T18-58-03_284-jvmRun1 surefire12409777197033013846tmp surefire_014398922223713532642tmp"/>
    <property name="jdk.debug" value="release"/>
    <property name="surefire.test.class.path" value="/Users/daniel.cavalcante/Documents/udemy/build-reactive-restful-apis-using-spring-boot-webflux/reactivespring/target/test-classes:/Users/daniel.cavalcante/Documents/udemy/build-reactive-restful-apis-using-spring-boot-webflux/reactivespring/target/classes:/Users/daniel.cavalcante/.m2/repository/org/springframework/boot/spring-boot-starter-data-mongodb-reactive/2.4.0/spring-boot-starter-data-mongodb-reactive-2.4.0.jar:/Users/daniel.cavalcante/.m2/repository/org/springframework/boot/spring-boot-starter/2.4.0/spring-boot-starter-2.4.0.jar:/Users/daniel.cavalcante/.m2/repository/org/springframework/boot/spring-boot-starter-logging/2.4.0/spring-boot-starter-logging-2.4.0.jar:/Users/daniel.cavalcante/.m2/repository/ch/qos/logback/logback-classic/1.2.3/logback-classic-1.2.3.jar:/Users/daniel.cavalcante/.m2/repository/ch/qos/logback/logback-core/1.2.3/logback-core-1.2.3.jar:/Users/daniel.cavalcante/.m2/repository/org/apache/logging/log4j/log4j-to-slf4j/2.13.3/log4j-to-slf4j-2.13.3.jar:/Users/daniel.cavalcante/.m2/repository/org/apache/logging/log4j/log4j-api/2.13.3/log4j-api-2.13.3.jar:/Users/daniel.cavalcante/.m2/repository/org/slf4j/jul-to-slf4j/1.7.30/jul-to-slf4j-1.7.30.jar:/Users/daniel.cavalcante/.m2/repository/jakarta/annotation/jakarta.annotation-api/1.3.5/jakarta.annotation-api-1.3.5.jar:/Users/daniel.cavalcante/.m2/repository/org/yaml/snakeyaml/1.27/snakeyaml-1.27.jar:/Users/daniel.cavalcante/.m2/repository/io/projectreactor/reactor-core/3.4.0/reactor-core-3.4.0.jar:/Users/daniel.cavalcante/.m2/repository/org/reactivestreams/reactive-streams/1.0.3/reactive-streams-1.0.3.jar:/Users/daniel.cavalcante/.m2/repository/org/mongodb/mongodb-driver-reactivestreams/4.1.1/mongodb-driver-reactivestreams-4.1.1.jar:/Users/daniel.cavalcante/.m2/repository/org/mongodb/bson/4.1.1/bson-4.1.1.jar:/Users/daniel.cavalcante/.m2/repository/org/mongodb/mongodb-driver-core/4.1.1/mongodb-driver-core-4.1.1.jar:/Users/daniel.cavalcante/.m2/repository/org/springframework/data/spring-data-mongodb/3.1.1/spring-data-mongodb-3.1.1.jar:/Users/daniel.cavalcante/.m2/repository/org/springframework/spring-tx/5.3.1/spring-tx-5.3.1.jar:/Users/daniel.cavalcante/.m2/repository/org/springframework/spring-context/5.3.1/spring-context-5.3.1.jar:/Users/daniel.cavalcante/.m2/repository/org/springframework/spring-aop/5.3.1/spring-aop-5.3.1.jar:/Users/daniel.cavalcante/.m2/repository/org/springframework/spring-beans/5.3.1/spring-beans-5.3.1.jar:/Users/daniel.cavalcante/.m2/repository/org/springframework/spring-expression/5.3.1/spring-expression-5.3.1.jar:/Users/daniel.cavalcante/.m2/repository/org/springframework/data/spring-data-commons/2.4.1/spring-data-commons-2.4.1.jar:/Users/daniel.cavalcante/.m2/repository/org/slf4j/slf4j-api/1.7.30/slf4j-api-1.7.30.jar:/Users/daniel.cavalcante/.m2/repository/org/springframework/boot/spring-boot-starter-webflux/2.4.0/spring-boot-starter-webflux-2.4.0.jar:/Users/daniel.cavalcante/.m2/repository/org/springframework/boot/spring-boot-starter-json/2.4.0/spring-boot-starter-json-2.4.0.jar:/Users/daniel.cavalcante/.m2/repository/com/fasterxml/jackson/core/jackson-databind/2.11.3/jackson-databind-2.11.3.jar:/Users/daniel.cavalcante/.m2/repository/com/fasterxml/jackson/core/jackson-annotations/2.11.3/jackson-annotations-2.11.3.jar:/Users/daniel.cavalcante/.m2/repository/com/fasterxml/jackson/core/jackson-core/2.11.3/jackson-core-2.11.3.jar:/Users/daniel.cavalcante/.m2/repository/com/fasterxml/jackson/datatype/jackson-datatype-jdk8/2.11.3/jackson-datatype-jdk8-2.11.3.jar:/Users/daniel.cavalcante/.m2/repository/com/fasterxml/jackson/datatype/jackson-datatype-jsr310/2.11.3/jackson-datatype-jsr310-2.11.3.jar:/Users/daniel.cavalcante/.m2/repository/com/fasterxml/jackson/module/jackson-module-parameter-names/2.11.3/jackson-module-parameter-names-2.11.3.jar:/Users/daniel.cavalcante/.m2/repository/org/springframework/boot/spring-boot-starter-reactor-netty/2.4.0/spring-boot-starter-reactor-netty-2.4.0.jar:/Users/daniel.cavalcante/.m2/repository/io/projectreactor/netty/reactor-netty-http/1.0.1/reactor-netty-http-1.0.1.jar:/Users/daniel.cavalcante/.m2/repository/io/netty/netty-codec-http/4.1.54.Final/netty-codec-http-4.1.54.Final.jar:/Users/daniel.cavalcante/.m2/repository/io/netty/netty-common/4.1.54.Final/netty-common-4.1.54.Final.jar:/Users/daniel.cavalcante/.m2/repository/io/netty/netty-buffer/4.1.54.Final/netty-buffer-4.1.54.Final.jar:/Users/daniel.cavalcante/.m2/repository/io/netty/netty-transport/4.1.54.Final/netty-transport-4.1.54.Final.jar:/Users/daniel.cavalcante/.m2/repository/io/netty/netty-codec/4.1.54.Final/netty-codec-4.1.54.Final.jar:/Users/daniel.cavalcante/.m2/repository/io/netty/netty-handler/4.1.54.Final/netty-handler-4.1.54.Final.jar:/Users/daniel.cavalcante/.m2/repository/io/netty/netty-codec-http2/4.1.54.Final/netty-codec-http2-4.1.54.Final.jar:/Users/daniel.cavalcante/.m2/repository/io/netty/netty-resolver-dns/4.1.54.Final/netty-resolver-dns-4.1.54.Final.jar:/Users/daniel.cavalcante/.m2/repository/io/netty/netty-resolver/4.1.54.Final/netty-resolver-4.1.54.Final.jar:/Users/daniel.cavalcante/.m2/repository/io/netty/netty-codec-dns/4.1.54.Final/netty-codec-dns-4.1.54.Final.jar:/Users/daniel.cavalcante/.m2/repository/io/netty/netty-transport-native-epoll/4.1.54.Final/netty-transport-native-epoll-4.1.54.Final-linux-x86_64.jar:/Users/daniel.cavalcante/.m2/repository/io/netty/netty-transport-native-unix-common/4.1.54.Final/netty-transport-native-unix-common-4.1.54.Final.jar:/Users/daniel.cavalcante/.m2/repository/io/projectreactor/netty/reactor-netty-core/1.0.1/reactor-netty-core-1.0.1.jar:/Users/daniel.cavalcante/.m2/repository/io/netty/netty-handler-proxy/4.1.54.Final/netty-handler-proxy-4.1.54.Final.jar:/Users/daniel.cavalcante/.m2/repository/io/netty/netty-codec-socks/4.1.54.Final/netty-codec-socks-4.1.54.Final.jar:/Users/daniel.cavalcante/.m2/repository/org/springframework/spring-web/5.3.1/spring-web-5.3.1.jar:/Users/daniel.cavalcante/.m2/repository/org/springframework/spring-webflux/5.3.1/spring-webflux-5.3.1.jar:/Users/daniel.cavalcante/.m2/repository/org/springframework/boot/spring-boot-devtools/2.4.0/spring-boot-devtools-2.4.0.jar:/Users/daniel.cavalcante/.m2/repository/org/springframework/boot/spring-boot/2.4.0/spring-boot-2.4.0.jar:/Users/daniel.cavalcante/.m2/repository/org/springframework/boot/spring-boot-autoconfigure/2.4.0/spring-boot-autoconfigure-2.4.0.jar:/Users/daniel.cavalcante/.m2/repository/org/projectlombok/lombok/1.18.16/lombok-1.18.16.jar:/Users/daniel.cavalcante/.m2/repository/org/springframework/boot/spring-boot-starter-test/2.4.0/spring-boot-starter-test-2.4.0.jar:/Users/daniel.cavalcante/.m2/repository/org/springframework/boot/spring-boot-test/2.4.0/spring-boot-test-2.4.0.jar:/Users/daniel.cavalcante/.m2/repository/org/springframework/boot/spring-boot-test-autoconfigure/2.4.0/spring-boot-test-autoconfigure-2.4.0.jar:/Users/daniel.cavalcante/.m2/repository/com/jayway/jsonpath/json-path/2.4.0/json-path-2.4.0.jar:/Users/daniel.cavalcante/.m2/repository/net/minidev/json-smart/2.3/json-smart-2.3.jar:/Users/daniel.cavalcante/.m2/repository/net/minidev/accessors-smart/1.2/accessors-smart-1.2.jar:/Users/daniel.cavalcante/.m2/repository/org/ow2/asm/asm/5.0.4/asm-5.0.4.jar:/Users/daniel.cavalcante/.m2/repository/jakarta/xml/bind/jakarta.xml.bind-api/2.3.3/jakarta.xml.bind-api-2.3.3.jar:/Users/daniel.cavalcante/.m2/repository/jakarta/activation/jakarta.activation-api/1.2.2/jakarta.activation-api-1.2.2.jar:/Users/daniel.cavalcante/.m2/repository/org/assertj/assertj-core/3.18.1/assertj-core-3.18.1.jar:/Users/daniel.cavalcante/.m2/repository/org/hamcrest/hamcrest/2.2/hamcrest-2.2.jar:/Users/daniel.cavalcante/.m2/repository/org/junit/jupiter/junit-jupiter/5.7.0/junit-jupiter-5.7.0.jar:/Users/daniel.cavalcante/.m2/repository/org/junit/jupiter/junit-jupiter-api/5.7.0/junit-jupiter-api-5.7.0.jar:/Users/daniel.cavalcante/.m2/repository/org/apiguardian/apiguardian-api/1.1.0/apiguardian-api-1.1.0.jar:/Users/daniel.cavalcante/.m2/repository/org/opentest4j/opentest4j/1.2.0/opentest4j-1.2.0.jar:/Users/daniel.cavalcante/.m2/repository/org/junit/platform/junit-platform-commons/1.7.0/junit-platform-commons-1.7.0.jar:/Users/daniel.cavalcante/.m2/repository/org/junit/jupiter/junit-jupiter-params/5.7.0/junit-jupiter-params-5.7.0.jar:/Users/daniel.cavalcante/.m2/repository/org/junit/jupiter/junit-jupiter-engine/5.7.0/junit-jupiter-engine-5.7.0.jar:/Users/daniel.cavalcante/.m2/repository/org/junit/platform/junit-platform-engine/1.7.0/junit-platform-engine-1.7.0.jar:/Users/daniel.cavalcante/.m2/repository/org/mockito/mockito-core/3.6.0/mockito-core-3.6.0.jar:/Users/daniel.cavalcante/.m2/repository/net/bytebuddy/byte-buddy/1.10.18/byte-buddy-1.10.18.jar:/Users/daniel.cavalcante/.m2/repository/net/bytebuddy/byte-buddy-agent/1.10.18/byte-buddy-agent-1.10.18.jar:/Users/daniel.cavalcante/.m2/repository/org/objenesis/objenesis/3.1/objenesis-3.1.jar:/Users/daniel.cavalcante/.m2/repository/org/mockito/mockito-junit-jupiter/3.6.0/mockito-junit-jupiter-3.6.0.jar:/Users/daniel.cavalcante/.m2/repository/org/skyscreamer/jsonassert/1.5.0/jsonassert-1.5.0.jar:/Users/daniel.cavalcante/.m2/repository/com/vaadin/external/google/android-json/0.0.20131108.vaadin1/android-json-0.0.20131108.vaadin1.jar:/Users/daniel.cavalcante/.m2/repository/org/springframework/spring-core/5.3.1/spring-core-5.3.1.jar:/Users/daniel.cavalcante/.m2/repository/org/springframework/spring-jcl/5.3.1/spring-jcl-5.3.1.jar:/Users/daniel.cavalcante/.m2/repository/org/springframework/spring-test/5.3.1/spring-test-5.3.1.jar:/Users/daniel.cavalcante/.m2/repository/org/xmlunit/xmlunit-core/2.7.0/xmlunit-core-2.7.0.jar:/Users/daniel.cavalcante/.m2/repository/io/projectreactor/reactor-test/3.4.0/reactor-test-3.4.0.jar:/Users/daniel.cavalcante/.m2/repository/de/flapdoodle/embed/de.flapdoodle.embed.mongo/2.1.1/de.flapdoodle.embed.mongo-2.1.1.jar:/Users/daniel.cavalcante/.m2/repository/de/flapdoodle/embed/de.flapdoodle.embed.process/2.0.5/de.flapdoodle.embed.process-2.0.5.jar:/Users/daniel.cavalcante/.m2/repository/org/apache/commons/commons-lang3/3.11/commons-lang3-3.11.jar:/Users/daniel.cavalcante/.m2/repository/net/java/dev/jna/jna/4.0.0/jna-4.0.0.jar:/Users/daniel.cavalcante/.m2/repository/net/java/dev/jna/jna-platform/4.0.0/jna-platform-4.0.0.jar:/Users/daniel.cavalcante/.m2/repository/org/apache/commons/commons-compress/1.10/commons-compress-1.10.jar:"/>
    <property name="sun.cpu.endian" value="little"/>
    <property name="user.home" value="/Users/daniel.cavalcante"/>
    <property name="user.language" value="pt"/>
    <property name="java.specification.vendor" value="Oracle Corporation"/>
    <property name="java.version.date" value="2020-07-14"/>
    <property name="java.home" value="/Users/daniel.cavalcante/.sdkman/candidates/java/11.0.8-zulu/zulu-11.jdk/Contents/Home"/>
    <property name="file.separator" value="/"/>
    <property name="basedir" value="/Users/daniel.cavalcante/Documents/udemy/build-reactive-restful-apis-using-spring-boot-webflux/reactivespring"/>
    <property name="java.vm.compressedOopsMode" value="Zero based"/>
    <property name="line.separator" value="&#10;"/>
    <property name="java.specification.name" value="Java Platform API Specification"/>
    <property name="java.vm.specification.vendor" value="Oracle Corporation"/>
    <property name="jdk.vendor.version" value="Zulu11.41+23-CA"/>
    <property name="java.awt.graphicsenv" value="sun.awt.CGraphicsEnvironment"/>
    <property name="surefire.real.class.path" value="/Users/daniel.cavalcante/Documents/udemy/build-reactive-restful-apis-using-spring-boot-webflux/reactivespring/target/surefire/surefirebooter7737568685107560486.jar"/>
    <property name="sun.management.compiler" value="HotSpot 64-Bit Tiered Compilers"/>
    <property name="java.runtime.version" value="11.0.8+10-LTS"/>
    <property name="user.name" value="daniel.cavalcante"/>
    <property name="path.separator" value=":"/>
    <property name="os.version" value="10.15.7"/>
    <property name="java.runtime.name" value="OpenJDK Runtime Environment"/>
    <property name="file.encoding" value="UTF-8"/>
    <property name="java.vm.name" value="OpenJDK 64-Bit Server VM"/>
    <property name="java.vendor.version" value="Zulu11.41+23-CA"/>
    <property name="localRepository" value="/Users/daniel.cavalcante/.m2/repository"/>
    <property name="java.vendor.url.bug" value="http://www.azulsystems.com/support/"/>
    <property name="java.io.tmpdir" value="/var/folders/8b/4frrbcfj0yn374608rq65x0r0000gn/T/"/>
    <property name="idea.version" value="2020.2.3"/>
    <property name="java.version" value="11.0.8"/>
    <property name="user.dir" value="/Users/daniel.cavalcante/Documents/udemy/build-reactive-restful-apis-using-spring-boot-webflux/reactivespring"/>
    <property name="os.arch" value="x86_64"/>
    <property name="java.vm.specification.name" value="Java Virtual Machine Specification"/>
    <property name="java.awt.printerjob" value="sun.lwawt.macosx.CPrinterJob"/>
    <property name="sun.os.patch.level" value="unknown"/>
    <property name="java.library.path" value="/Users/daniel.cavalcante/Library/Java/Extensions:/Library/Java/Extensions:/Network/Library/Java/Extensions:/System/Library/Java/Extensions:/usr/lib/java:."/>
    <property name="java.vm.info" value="mixed mode"/>
    <property name="java.vendor" value="Azul Systems, Inc."/>
    <property name="java.vm.version" value="11.0.8+10-LTS"/>
    <property name="sun.io.unicode.encoding" value="UnicodeBig"/>
    <property name="java.class.version" value="55.0"/>
  </properties>
  <testcase name="infiniteSequence" classname="br.com.dnkt.reactivespring.fluxandmonoplayground.FluxAndMonoWithTimeTest" time="2.996"/>
  <testcase name="infiniteSequenceMap" classname="br.com.dnkt.reactivespring.fluxandmonoplayground.FluxAndMonoWithTimeTest" time="0.309"/>
  <testcase name="infiniteSequenceMap_withDelay" classname="br.com.dnkt.reactivespring.fluxandmonoplayground.FluxAndMonoWithTimeTest" time="3.113"/>
  <testcase name="infiniteSequenceTest" classname="br.com.dnkt.reactivespring.fluxandmonoplayground.FluxAndMonoWithTimeTest" time="0.307"/>
</testsuite>